Change Component Footprint: Designator=R3 Old Footprint=RESC1005X40N New Footprint=RESC1005X40_0
Change Component Footprint: Designator=R6 Old Footprint=RESC1005X40N New Footprint=RESC1005X40_0
Change Component Footprint: Designator=R9 Old Footprint=RESC1005X40N New Footprint=RESC1005X40_0
Change Component Footprint: Designator=R11 Old Footprint=RESC1005X40N New Footprint=RESC1005X40_0
Change Component Footprint: Designator=R17 Old Footprint=RESC1005X40N New Footprint=RESC1005X40_0
Change Component Footprint: Designator=R19 Old Footprint=RESC1005X40N New Footprint=RESC1005X40_0
Change Component Footprint: Designator=R23 Old Footprint=RESC1005X40N New Footprint=RESC1005X40_0
Change Component Footprint: Designator=R24 Old Footprint=RESC1005X40N New Footprint=RESC1005X40_0
Change Component Footprint: Designator=R25 Old Footprint=RESC1005X40N New Footprint=RESC1005X40_0
Change Component Footprint: Designator=R26 Old Footprint=RESC1005X40N New Footprint=RESC1005X40_0
Change Physical Footprint: Designator=C1 Old Footprint=CAP_CL05A106MP8NUB8_SAM New Footprint=CAP_CL05A106MP8NUB8_SAM
Change Physical Footprint: Designator=C2 Old Footprint=CAP_CL05A106MP8NUB8_SAM New Footprint=CAP_CL05A106MP8NUB8_SAM
Change Physical Footprint: Designator=C3 Old Footprint=CAP_CL05A106MP8NUB8_SAM New Footprint=CAP_CL05A106MP8NUB8_SAM
Change Physical Footprint: Designator=C4 Old Footprint=CAP_CL05A106MP8NUB8_SAM New Footprint=CAP_CL05A106MP8NUB8_SAM
Change Physical Footprint: Designator=C5 Old Footprint=CAP_CL05A106MP8NUB8_SAM New Footprint=CAP_CL05A106MP8NUB8_SAM
Change Physical Footprint: Designator=C6 Old Footprint=CAP_CL05A106MP8NUB8_SAM New Footprint=CAP_CL05A106MP8NUB8_SAM
Change Physical Footprint: Designator=C7 Old Footprint=CAP_CL05A106MP8NUB8_SAM New Footprint=CAP_CL05A106MP8NUB8_SAM
Change Physical Footprint: Designator=C8 Old Footprint=CAP_CL05A106MP8NUB8_SAM New Footprint=CAP_CL05A106MP8NUB8_SAM
Change Physical Footprint: Designator=C9 Old Footprint=CAP_CL05A106MP8NUB8_SAM New Footprint=CAP_CL05A106MP8NUB8_SAM
Change Physical Footprint: Designator=C10 Old Footprint=CAP_CL05A106MP8NUB8_SAM New Footprint=CAP_CL05A106MP8NUB8_SAM
Change Physical Footprint: Designator=C11 Old Footprint=CAP_CL05A106MP8NUB8_SAM New Footprint=CAP_CL05A106MP8NUB8_SAM
Change Physical Footprint: Designator=C12 Old Footprint=CAP_CL05A106MP8NUB8_SAM New Footprint=CAP_CL05A106MP8NUB8_SAM
Change Physical Footprint: Designator=C13 Old Footprint=CAP_CL05A106MP8NUB8_SAM New Footprint=CAP_CL05A106MP8NUB8_SAM
Change Physical Footprint: Designator=C14 Old Footprint=CAP_CL05A106MP8NUB8_SAM New Footprint=CAP_CL05A106MP8NUB8_SAM
Change Physical Footprint: Designator=C15 Old Footprint=CAP_CL05A106MP8NUB8_SAM New Footprint=CAP_CL05A106MP8NUB8_SAM
Change Physical Footprint: Designator=C16 Old Footprint=CAP_CL05A106MP8NUB8_SAM New Footprint=CAP_CL05A106MP8NUB8_SAM
Change Physical Footprint: Designator=C17 Old Footprint=CAP_CL05A106MP8NUB8_SAM New Footprint=CAP_CL05A106MP8NUB8_SAM
Change Physical Footprint: Designator=D1 Old Footprint=LED_0402_YLW_GR New Footprint=LED_0402_YLW_GR
Change Physical Footprint: Designator=D2 Old Footprint=LED_00-GS08_VIS New Footprint=LED_00-GS08_VIS
Change Physical Footprint: Designator=D3 Old Footprint=RTVS_SOD882_LTF-M New Footprint=RTVS_SOD882_LTF-M
Change Physical Footprint: Designator=D4 Old Footprint=RTVS_SOD882_LTF-M New Footprint=RTVS_SOD882_LTF-M
Change Physical Footprint: Designator=D5 Old Footprint=RTVS_SOD882_LTF-M New Footprint=RTVS_SOD882_LTF-M
Change Physical Footprint: Designator=D6 Old Footprint=RTVS_SOD882_LTF-M New Footprint=RTVS_SOD882_LTF-M
Change Physical Footprint: Designator=D7 Old Footprint=RTVS_SOD882_LTF-M New Footprint=RTVS_SOD882_LTF-M
Change Physical Footprint: Designator=D8 Old Footprint=RTVS_SOD882_LTF-M New Footprint=RTVS_SOD882_LTF-M
Change Physical Footprint: Designator=J1 Old Footprint=CONN_SD-42375-001_M295_24_MOL New Footprint=CONN_SD-42375-001_M295_24_MOL
Change Physical Footprint: Designator=J2 Old Footprint=CONN_SD-42375-001_M295_24_MOL New Footprint=CONN_SD-42375-001_M295_24_MOL
Change Physical Footprint: Designator=J3 Old Footprint=MOLEX_2171790001 New Footprint=MOLEX_2171790001
Change Physical Footprint: Designator=J4 Old Footprint=MOLEX_2171790001 New Footprint=MOLEX_2171790001
Change Physical Footprint: Designator=J5 Old Footprint=CONN_FTS-103-01-x-S_SAI New Footprint=CONN_FTS-103-01-x-S_SAI
Change Physical Footprint: Designator=J6 Old Footprint=CONN_FTS-102-01-x-S_SAI New Footprint=CONN_FTS-102-01-x-S_SAI
Change Physical Footprint: Designator=Q1 Old Footprint=TRAN_SS8050-G_CIP New Footprint=TRAN_SS8050-G_CIP
Change Physical Footprint: Designator=Q2 Old Footprint=TRAN_SS8050-G_CIP New Footprint=TRAN_SS8050-G_CIP
Change Physical Footprint: Designator=R1 Old Footprint=RESC1005X40N New Footprint=RESC1005X40N
Change Physical Footprint: Designator=R2 Old Footprint=RESC1005X40N New Footprint=RESC1005X40N
Change Physical Footprint: Designator=R4 Old Footprint=RESC1005X40N New Footprint=RESC1005X40N
Change Physical Footprint: Designator=R5 Old Footprint=RESC1005X40N New Footprint=RESC1005X40N
Change Physical Footprint: Designator=R7 Old Footprint=RESC1005X40N New Footprint=RESC1005X40N
Change Physical Footprint: Designator=R8 Old Footprint=RESC1005X40N New Footprint=RESC1005X40N
Change Physical Footprint: Designator=R10 Old Footprint=RESC1005X40N New Footprint=RESC1005X40N
Change Physical Footprint: Designator=R12 Old Footprint=RESC1005X40N New Footprint=RESC1005X40N
Change Physical Footprint: Designator=R13 Old Footprint=RESC1005X40N New Footprint=RESC1005X40N
Change Physical Footprint: Designator=R14 Old Footprint=RESC1005X40N New Footprint=RESC1005X40N
Change Physical Footprint: Designator=R15 Old Footprint=RESC1005X40N New Footprint=RESC1005X40N
Change Physical Footprint: Designator=R16 Old Footprint=RESC1005X40N New Footprint=RESC1005X40N
Change Physical Footprint: Designator=R18 Old Footprint=RESC1005X40N New Footprint=RESC1005X40N
Change Physical Footprint: Designator=R20 Old Footprint=RESC1005X40N New Footprint=RESC1005X40N
Change Physical Footprint: Designator=R21 Old Footprint=RESC1005X40N New Footprint=RESC1005X40N
Change Physical Footprint: Designator=R22 Old Footprint=RESC1005X40N New Footprint=RESC1005X40N
Change Physical Footprint: Designator=SW1 Old Footprint=PTS645S_SMTR92_CNK New Footprint=PTS645S_SMTR92_CNK
Change Physical Footprint: Designator=SW2 Old Footprint=PTS645S_SMTR92_CNK New Footprint=PTS645S_SMTR92_CNK
Change Physical Footprint: Designator=U1 Old Footprint=XCVR_ESP32-S3-MINI-1-N8 New Footprint=XCVR_ESP32-S3-MINI-1-N8
Change Physical Footprint: Designator=U2 Old Footprint=QFN20_FT231XQ_FTD-M New Footprint=QFN20_FT231XQ_FTD-M
Change Physical Footprint: Designator=U3 Old Footprint=VREG_TL1963A-33DCYR New Footprint=VREG_TL1963A-33DCYR
